# JRE version: OpenJDK Runtime Environment Temurin-17.0.14+7 (17.0.14+7) (build 17.0.14+7)
# Java VM: OpenJDK 64-Bit Server VM Temurin-17.0.14+7 (17.0.14+7, mixed mode, emulated-client, sharing, tiered, compressed oops, compressed class ptrs, g1 gc, windows-amd64)
GC Precious Log:
 CPUs: 8 total, 8 available
 Memory: 16075M
 Large Page Support: Disabled
 NUMA Support: Disabled
 Compressed Oops: Enabled (Zero based)
 Heap Region Size: 2M
 Heap Min Capacity: 8M
 Heap Initial Capacity: 252M
 Heap Max Capacity: 4020M
 Pre-touch: Disabled
 Parallel Workers: 8
 Concurrent Workers: 2
 Concurrent Refinement Workers: 8
 Periodic GC: Disabled
Heap:
 garbage-first heap   total 620544K, used 133171K [0x0000000704c00000, 0x0000000800000000)
  region size 2048K, 2 young (4096K), 2 survivors (4096K)
 Metaspace       used 94765K, committed 95744K, reserved 1179648K
  class space    used 13996K, committed 14400K, reserved 1048576K
GC Heap History (20 events):
Event: 1633.210 GC heap after
{Heap after GC invocations=72 (full 0):
 garbage-first heap   total 2562048K, used 577536K [0x0000000704c00000, 0x0000000800000000)
  region size 2048K, 22 young (45056K), 22 survivors (45056K)
 Metaspace       used 94480K, committed 95360K, reserved 1179648K
  class space    used 13949K, committed 14336K, reserved 1048576K
}
Event: 1633.380 GC heap before
{Heap before GC invocations=73 (full 0):
 garbage-first heap   total 1544192K, used 540672K [0x0000000704c00000, 0x0000000800000000)
  region size 2048K, 97 young (198656K), 22 survivors (45056K)
 Metaspace       used 94480K, committed 95360K, reserved 1179648K
  class space    used 13949K, committed 14336K, reserved 1048576K
}
Event: 1633.410 GC heap after
{Heap after GC invocations=74 (full 0):
 garbage-first heap   total 1544192K, used 440320K [0x0000000704c00000, 0x0000000800000000)
  region size 2048K, 13 young (26624K), 13 survivors (26624K)
 Metaspace       used 94480K, committed 95360K, reserved 1179648K
  class space    used 13949K, committed 14336K, reserved 1048576K
}
Event: 1633.448 GC heap before
{Heap before GC invocations=74 (full 0):
 garbage-first heap   total 1544192K, used 487424K [0x0000000704c00000, 0x0000000800000000)
  region size 2048K, 37 young (75776K), 13 survivors (26624K)
 Metaspace       used 94480K, committed 95360K, reserved 1179648K
  class space    used 13949K, committed 14336K, reserved 1048576K
}
Event: 1633.457 GC heap after
{Heap after GC invocations=75 (full 0):
 garbage-first heap   total 1544192K, used 397312K [0x0000000704c00000, 0x0000000800000000)
  region size 2048K, 5 young (10240K), 5 survivors (10240K)
 Metaspace       used 94480K, committed 95360K, reserved 1179648K
  class space    used 13949K, committed 14336K, reserved 1048576K
}
Event: 1635.991 GC heap before
{Heap before GC invocations=75 (full 0):
 garbage-first heap   total 1544192K, used 899072K [0x0000000704c00000, 0x0000000800000000)
  region size 2048K, 250 young (512000K), 5 survivors (10240K)
 Metaspace       used 94481K, committed 95360K, reserved 1179648K
  class space    used 13949K, committed 14336K, reserved 1048576K
}
Event: 1636.042 GC heap after
{Heap after GC invocations=76 (full 0):
 garbage-first heap   total 1544192K, used 427059K [0x0000000704c00000, 0x0000000800000000)
  region size 2048K, 20 young (40960K), 20 survivors (40960K)
 Metaspace       used 94481K, committed 95360K, reserved 1179648K
  class space    used 13949K, committed 14336K, reserved 1048576K
}
Event: 5782.728 GC heap before
{Heap before GC invocations=77 (full 0):
 garbage-first heap   total 909312K, used 625715K [0x0000000704c00000, 0x0000000800000000)
  region size 2048K, 195 young (399360K), 20 survivors (40960K)
 Metaspace       used 94526K, committed 95360K, reserved 1179648K
  class space    used 13961K, committed 14336K, reserved 1048576K
}
Event: 5782.889 GC heap after
{Heap after GC invocations=78 (full 0):
 garbage-first heap   total 909312K, used 273530K [0x0000000704c00000, 0x0000000800000000)
  region size 2048K, 3 young (6144K), 3 survivors (6144K)
 Metaspace       used 94526K, committed 95360K, reserved 1179648K
  class space    used 13961K, committed 14336K, reserved 1048576K
}
Event: 5874.052 GC heap before
{Heap before GC invocations=78 (full 0):
 garbage-first heap   total 909312K, used 310394K [0x0000000704c00000, 0x0000000800000000)
  region size 2048K, 22 young (45056K), 3 survivors (6144K)
 Metaspace       used 94531K, committed 95360K, reserved 1179648K
  class space    used 13962K, committed 14336K, reserved 1048576K
}
Event: 5874.118 GC heap after
{Heap after GC invocations=79 (full 0):
 garbage-first heap   total 909312K, used 218041K [0x0000000704c00000, 0x0000000800000000)
  region size 2048K, 2 young (4096K), 2 survivors (4096K)
 Metaspace       used 94531K, committed 95360K, reserved 1179648K
  class space    used 13962K, committed 14336K, reserved 1048576K
}
Event: 6672.421 GC heap before
{Heap before GC invocations=79 (full 0):
 garbage-first heap   total 909312K, used 506809K [0x0000000704c00000, 0x0000000800000000)
  region size 2048K, 144 young (294912K), 2 survivors (4096K)
 Metaspace       used 94879K, committed 95744K, reserved 1179648K
  class space    used 14022K, committed 14400K, reserved 1048576K
}
Event: 6713.962 GC heap after
{Heap after GC invocations=80 (full 0):
 garbage-first heap   total 909312K, used 217367K [0x0000000704c00000, 0x0000000800000000)
  region size 2048K, 1 young (2048K), 1 survivors (2048K)
 Metaspace       used 94879K, committed 95744K, reserved 1179648K
  class space    used 14022K, committed 14400K, reserved 1048576K
}
Event: 6830.333 GC heap before
{Heap before GC invocations=81 (full 0):
 garbage-first heap   total 430080K, used 166167K [0x0000000704c00000, 0x0000000800000000)
  region size 2048K, 22 young (45056K), 1 survivors (2048K)
 Metaspace       used 94765K, committed 95744K, reserved 1179648K
  class space    used 13996K, committed 14400K, reserved 1048576K
}
Event: 6830.348 GC heap after
{Heap after GC invocations=82 (full 0):
 garbage-first heap   total 430080K, used 127324K [0x0000000704c00000, 0x0000000800000000)
  region size 2048K, 2 young (4096K), 2 survivors (4096K)
 Metaspace       used 94765K, committed 95744K, reserved 1179648K
  class space    used 13996K, committed 14400K, reserved 1048576K
}
Event: 6830.684 GC heap before
{Heap before GC invocations=82 (full 0):
 garbage-first heap   total 430080K, used 141660K [0x0000000704c00000, 0x0000000800000000)
  region size 2048K, 10 young (20480K), 2 survivors (4096K)
 Metaspace       used 94765K, committed 95744K, reserved 1179648K
  class space    used 13996K, committed 14400K, reserved 1048576K
}
Event: 6830.736 GC heap after
{Heap after GC invocations=83 (full 0):
 garbage-first heap   total 430080K, used 135089K [0x0000000704c00000, 0x0000000800000000)
  region size 2048K, 2 young (4096K), 2 survivors (4096K)
 Metaspace       used 94765K, committed 95744K, reserved 1179648K
  class space    used 13996K, committed 14400K, reserved 1048576K
}
Event: 6830.765 GC heap before
{Heap before GC invocations=83 (full 0):
 garbage-first heap   total 430080K, used 149425K [0x0000000704c00000, 0x0000000800000000)
  region size 2048K, 10 young (20480K), 2 survivors (4096K)
 Metaspace       used 94765K, committed 95744K, reserved 1179648K
  class space    used 13996K, committed 14400K, reserved 1048576K
}
Event: 6830.788 GC heap after
{Heap after GC invocations=84 (full 0):
 garbage-first heap   total 430080K, used 134282K [0x0000000704c00000, 0x0000000800000000)
  region size 2048K, 2 young (4096K), 2 survivors (4096K)
 Metaspace       used 94765K, committed 95744K, reserved 1179648K
  class space    used 13996K, committed 14400K, reserved 1048576K
}
Event: 6830.862 GC heap before
{Heap before GC invocations=84 (full 0):
 garbage-first heap   total 430080K, used 150666K [0x0000000704c00000, 0x0000000800000000)
  region size 2048K, 10 young (20480K), 2 survivors (4096K)
 Metaspace       used 94765K, committed 95744K, reserved 1179648K
  class space    used 13996K, committed 14400K, reserved 1048576K
}

