# JRE version: OpenJDK Runtime Environment Temurin-17.0.14+7 (17.0.14+7) (build 17.0.14+7)
# Java VM: OpenJDK 64-Bit Server VM Temurin-17.0.14+7 (17.0.14+7, mixed mode, emulated-client, sharing, tiered, compressed oops, compressed class ptrs, g1 gc, windows-amd64)
GC Precious Log:
 CPUs: 8 total, 8 available
 Memory: 16075M
 Large Page Support: Disabled
 NUMA Support: Disabled
 Compressed Oops: Enabled (Zero based)
 Heap Region Size: 2M
 Heap Min Capacity: 8M
 Heap Initial Capacity: 252M
 Heap Max Capacity: 4020M
 Pre-touch: Disabled
 Parallel Workers: 8
 Concurrent Workers: 2
 Concurrent Refinement Workers: 8
 Periodic GC: Disabled
Heap:
 garbage-first heap   total 434176K, used 251377K [0x0000000704c00000, 0x0000000800000000)
  region size 2048K, 2 young (4096K), 2 survivors (4096K)
 Metaspace       used 102065K, committed 103424K, reserved 1179648K
  class space    used 14649K, committed 15232K, reserved 1048576K
GC Heap History (20 events):
Event: 35509.294 GC heap after
{Heap after GC invocations=139 (full 3):
 garbage-first heap   total 327680K, used 96206K [0x0000000704c00000, 0x0000000800000000)
  region size 2048K, 1 young (2048K), 1 survivors (2048K)
 Metaspace       used 102264K, committed 103488K, reserved 1179648K
  class space    used 14693K, committed 15232K, reserved 1048576K
}
Event: 35583.287 GC heap before
{Heap before GC invocations=139 (full 3):
 garbage-first heap   total 327680K, used 110542K [0x0000000704c00000, 0x0000000800000000)
  region size 2048K, 8 young (16384K), 1 survivors (2048K)
 Metaspace       used 102264K, committed 103488K, reserved 1179648K
  class space    used 14693K, committed 15232K, reserved 1048576K
}
Event: 35583.615 GC heap after
{Heap after GC invocations=140 (full 3):
 garbage-first heap   total 327680K, used 82367K [0x0000000704c00000, 0x0000000800000000)
  region size 2048K, 1 young (2048K), 1 survivors (2048K)
 Metaspace       used 102264K, committed 103488K, reserved 1179648K
  class space    used 14693K, committed 15232K, reserved 1048576K
}
Event: 35983.787 GC heap before
{Heap before GC invocations=140 (full 3):
 garbage-first heap   total 327680K, used 156095K [0x0000000704c00000, 0x0000000800000000)
  region size 2048K, 38 young (77824K), 1 survivors (2048K)
 Metaspace       used 102264K, committed 103488K, reserved 1179648K
  class space    used 14693K, committed 15232K, reserved 1048576K
}
Event: 35983.814 GC heap after
{Heap after GC invocations=141 (full 3):
 garbage-first heap   total 327680K, used 82142K [0x0000000704c00000, 0x0000000800000000)
  region size 2048K, 1 young (2048K), 1 survivors (2048K)
 Metaspace       used 102264K, committed 103488K, reserved 1179648K
  class space    used 14693K, committed 15232K, reserved 1048576K
}
Event: 36016.769 GC heap before
{Heap before GC invocations=142 (full 3):
 garbage-first heap   total 294912K, used 243934K [0x0000000704c00000, 0x0000000800000000)
  region size 2048K, 81 young (165888K), 1 survivors (2048K)
 Metaspace       used 102063K, committed 103424K, reserved 1179648K
  class space    used 14649K, committed 15232K, reserved 1048576K
}
Event: 36016.881 GC heap after
{Heap after GC invocations=143 (full 3):
 garbage-first heap   total 319488K, used 149648K [0x0000000704c00000, 0x0000000800000000)
  region size 2048K, 11 young (22528K), 11 survivors (22528K)
 Metaspace       used 102063K, committed 103424K, reserved 1179648K
  class space    used 14649K, committed 15232K, reserved 1048576K
}
Event: 36016.882 GC heap before
{Heap before GC invocations=143 (full 3):
 garbage-first heap   total 319488K, used 149648K [0x0000000704c00000, 0x0000000800000000)
  region size 2048K, 12 young (24576K), 11 survivors (22528K)
 Metaspace       used 102063K, committed 103424K, reserved 1179648K
  class space    used 14649K, committed 15232K, reserved 1048576K
}
Event: 36016.889 GC heap after
{Heap after GC invocations=144 (full 3):
 garbage-first heap   total 319488K, used 147786K [0x0000000704c00000, 0x0000000800000000)
  region size 2048K, 1 young (2048K), 1 survivors (2048K)
 Metaspace       used 102063K, committed 103424K, reserved 1179648K
  class space    used 14649K, committed 15232K, reserved 1048576K
}
Event: 36020.127 GC heap before
{Heap before GC invocations=144 (full 3):
 garbage-first heap   total 319488K, used 235850K [0x0000000704c00000, 0x0000000800000000)
  region size 2048K, 45 young (92160K), 1 survivors (2048K)
 Metaspace       used 102065K, committed 103424K, reserved 1179648K
  class space    used 14649K, committed 15232K, reserved 1048576K
}
Event: 36020.141 GC heap after
{Heap after GC invocations=145 (full 3):
 garbage-first heap   total 319488K, used 217082K [0x0000000704c00000, 0x0000000800000000)
  region size 2048K, 6 young (12288K), 6 survivors (12288K)
 Metaspace       used 102065K, committed 103424K, reserved 1179648K
  class space    used 14649K, committed 15232K, reserved 1048576K
}
Event: 36020.169 GC heap before
{Heap before GC invocations=145 (full 3):
 garbage-first heap   total 319488K, used 243706K [0x0000000704c00000, 0x0000000800000000)
  region size 2048K, 20 young (40960K), 6 survivors (12288K)
 Metaspace       used 102065K, committed 103424K, reserved 1179648K
  class space    used 14649K, committed 15232K, reserved 1048576K
}
Event: 36020.173 GC heap after
{Heap after GC invocations=146 (full 3):
 garbage-first heap   total 319488K, used 232442K [0x0000000704c00000, 0x0000000800000000)
  region size 2048K, 3 young (6144K), 3 survivors (6144K)
 Metaspace       used 102065K, committed 103424K, reserved 1179648K
  class space    used 14649K, committed 15232K, reserved 1048576K
}
Event: 36020.186 GC heap before
{Heap before GC invocations=146 (full 3):
 garbage-first heap   total 319488K, used 252922K [0x0000000704c00000, 0x0000000800000000)
  region size 2048K, 14 young (28672K), 3 survivors (6144K)
 Metaspace       used 102065K, committed 103424K, reserved 1179648K
  class space    used 14649K, committed 15232K, reserved 1048576K
}
Event: 36020.189 GC heap after
{Heap after GC invocations=147 (full 3):
 garbage-first heap   total 319488K, used 241658K [0x0000000704c00000, 0x0000000800000000)
  region size 2048K, 2 young (4096K), 2 survivors (4096K)
 Metaspace       used 102065K, committed 103424K, reserved 1179648K
  class space    used 14649K, committed 15232K, reserved 1048576K
}
Event: 36020.200 GC heap before
{Heap before GC invocations=147 (full 3):
 garbage-first heap   total 319488K, used 258042K [0x0000000704c00000, 0x0000000800000000)
  region size 2048K, 11 young (22528K), 2 survivors (4096K)
 Metaspace       used 102065K, committed 103424K, reserved 1179648K
  class space    used 14649K, committed 15232K, reserved 1048576K
}
Event: 36020.202 GC heap after
{Heap after GC invocations=148 (full 3):
 garbage-first heap   total 319488K, used 249105K [0x0000000704c00000, 0x0000000800000000)
  region size 2048K, 2 young (4096K), 2 survivors (4096K)
 Metaspace       used 102065K, committed 103424K, reserved 1179648K
  class space    used 14649K, committed 15232K, reserved 1048576K
}
Event: 36020.212 GC heap before
{Heap before GC invocations=148 (full 3):
 garbage-first heap   total 319488K, used 263441K [0x0000000704c00000, 0x0000000800000000)
  region size 2048K, 10 young (20480K), 2 survivors (4096K)
 Metaspace       used 102065K, committed 103424K, reserved 1179648K
  class space    used 14649K, committed 15232K, reserved 1048576K
}
Event: 36020.214 GC heap after
{Heap after GC invocations=149 (full 3):
 garbage-first heap   total 319488K, used 254613K [0x0000000704c00000, 0x0000000800000000)
  region size 2048K, 2 young (4096K), 2 survivors (4096K)
 Metaspace       used 102065K, committed 103424K, reserved 1179648K
  class space    used 14649K, committed 15232K, reserved 1048576K
}
Event: 36020.231 GC heap before
{Heap before GC invocations=149 (full 3):
 garbage-first heap   total 434176K, used 258709K [0x0000000704c00000, 0x0000000800000000)
  region size 2048K, 9 young (18432K), 2 survivors (4096K)
 Metaspace       used 102065K, committed 103424K, reserved 1179648K
  class space    used 14649K, committed 15232K, reserved 1048576K
}

