# JRE version: OpenJDK Runtime Environment Temurin-17.0.14+7 (17.0.14+7) (build 17.0.14+7)
# Java VM: OpenJDK 64-Bit Server VM Temurin-17.0.14+7 (17.0.14+7, mixed mode, emulated-client, sharing, tiered, compressed oops, compressed class ptrs, g1 gc, windows-amd64)
GC Precious Log:
 CPUs: 8 total, 8 available
 Memory: 16075M
 Large Page Support: Disabled
 NUMA Support: Disabled
 Compressed Oops: Enabled (Zero based)
 Heap Region Size: 2M
 Heap Min Capacity: 8M
 Heap Initial Capacity: 252M
 Heap Max Capacity: 4020M
 Pre-touch: Disabled
 Parallel Workers: 8
 Concurrent Workers: 2
 Concurrent Refinement Workers: 8
 Periodic GC: Disabled
Heap:
 garbage-first heap   total 219136K, used 89632K [0x0000000704c00000, 0x0000000800000000)
  region size 2048K, 11 young (22528K), 4 survivors (8192K)
 Metaspace       used 109668K, committed 110848K, reserved 1179648K
  class space    used 15360K, committed 16000K, reserved 1048576K
GC Heap History (20 events):
Event: 28058.317 GC heap after
{Heap after GC invocations=491 (full 6):
 garbage-first heap   total 286720K, used 81722K [0x0000000704c00000, 0x0000000800000000)
  region size 2048K, 1 young (2048K), 1 survivors (2048K)
 Metaspace       used 107730K, committed 109184K, reserved 1179648K
  class space    used 15280K, committed 15808K, reserved 1048576K
}
Event: 28074.529 GC heap before
{Heap before GC invocations=491 (full 6):
 garbage-first heap   total 286720K, used 94010K [0x0000000704c00000, 0x0000000800000000)
  region size 2048K, 7 young (14336K), 1 survivors (2048K)
 Metaspace       used 107730K, committed 109184K, reserved 1179648K
  class space    used 15280K, committed 15808K, reserved 1048576K
}
Event: 28074.544 GC heap after
{Heap after GC invocations=492 (full 6):
 garbage-first heap   total 286720K, used 77459K [0x0000000704c00000, 0x0000000800000000)
  region size 2048K, 1 young (2048K), 1 survivors (2048K)
 Metaspace       used 107730K, committed 109184K, reserved 1179648K
  class space    used 15280K, committed 15808K, reserved 1048576K
}
Event: 28704.161 GC heap before
{Heap before GC invocations=492 (full 6):
 garbage-first heap   total 286720K, used 190099K [0x0000000704c00000, 0x0000000800000000)
  region size 2048K, 57 young (116736K), 1 survivors (2048K)
 Metaspace       used 107730K, committed 109184K, reserved 1179648K
  class space    used 15280K, committed 15808K, reserved 1048576K
}
Event: 28704.252 GC heap after
{Heap after GC invocations=493 (full 6):
 garbage-first heap   total 286720K, used 77781K [0x0000000704c00000, 0x0000000800000000)
  region size 2048K, 1 young (2048K), 1 survivors (2048K)
 Metaspace       used 107730K, committed 109184K, reserved 1179648K
  class space    used 15280K, committed 15808K, reserved 1048576K
}
Event: 29128.888 GC heap before
{Heap before GC invocations=494 (full 6):
 garbage-first heap   total 280576K, used 225237K [0x0000000704c00000, 0x0000000800000000)
  region size 2048K, 74 young (151552K), 1 survivors (2048K)
 Metaspace       used 107735K, committed 109184K, reserved 1179648K
  class space    used 15281K, committed 15808K, reserved 1048576K
}
Event: 29128.931 GC heap after
{Heap after GC invocations=495 (full 6):
 garbage-first heap   total 280576K, used 78217K [0x0000000704c00000, 0x0000000800000000)
  region size 2048K, 1 young (2048K), 1 survivors (2048K)
 Metaspace       used 107735K, committed 109184K, reserved 1179648K
  class space    used 15281K, committed 15808K, reserved 1048576K
}
Event: 29135.490 GC heap before
{Heap before GC invocations=495 (full 6):
 garbage-first heap   total 280576K, used 88457K [0x0000000704c00000, 0x0000000800000000)
  region size 2048K, 6 young (12288K), 1 survivors (2048K)
 Metaspace       used 107735K, committed 109184K, reserved 1179648K
  class space    used 15281K, committed 15808K, reserved 1048576K
}
Event: 29135.528 GC heap after
{Heap after GC invocations=496 (full 6):
 garbage-first heap   total 280576K, used 78183K [0x0000000704c00000, 0x0000000800000000)
  region size 2048K, 1 young (2048K), 1 survivors (2048K)
 Metaspace       used 107735K, committed 109184K, reserved 1179648K
  class space    used 15281K, committed 15808K, reserved 1048576K
}
Event: 29440.938 GC heap before
{Heap before GC invocations=496 (full 6):
 garbage-first heap   total 280576K, used 139623K [0x0000000704c00000, 0x0000000800000000)
  region size 2048K, 33 young (67584K), 1 survivors (2048K)
 Metaspace       used 107738K, committed 109184K, reserved 1179648K
  class space    used 15282K, committed 15808K, reserved 1048576K
}
Event: 29441.908 GC heap after
{Heap after GC invocations=497 (full 7):
 garbage-first heap   total 233472K, used 62521K [0x0000000704c00000, 0x0000000800000000)
  region size 2048K, 0 young (0K), 0 survivors (0K)
 Metaspace       used 107702K, committed 109184K, reserved 1179648K
  class space    used 15276K, committed 15808K, reserved 1048576K
}
Event: 29445.321 GC heap before
{Heap before GC invocations=497 (full 7):
 garbage-first heap   total 233472K, used 183353K [0x0000000704c00000, 0x0000000800000000)
  region size 2048K, 60 young (122880K), 0 survivors (0K)
 Metaspace       used 108823K, committed 110016K, reserved 1179648K
  class space    used 15401K, committed 15936K, reserved 1048576K
}
Event: 29445.358 GC heap after
{Heap after GC invocations=498 (full 7):
 garbage-first heap   total 233472K, used 73128K [0x0000000704c00000, 0x0000000800000000)
  region size 2048K, 6 young (12288K), 6 survivors (12288K)
 Metaspace       used 108823K, committed 110016K, reserved 1179648K
  class space    used 15401K, committed 15936K, reserved 1048576K
}
Event: 29447.970 GC heap before
{Heap before GC invocations=499 (full 7):
 garbage-first heap   total 233472K, used 153000K [0x0000000704c00000, 0x0000000800000000)
  region size 2048K, 46 young (94208K), 6 survivors (12288K)
 Metaspace       used 109982K, committed 111168K, reserved 1179648K
  class space    used 15480K, committed 16000K, reserved 1048576K
}
Event: 29448.109 GC heap after
{Heap after GC invocations=500 (full 8):
 garbage-first heap   total 219136K, used 63050K [0x0000000704c00000, 0x0000000800000000)
  region size 2048K, 0 young (0K), 0 survivors (0K)
 Metaspace       used 107195K, committed 110464K, reserved 1179648K
  class space    used 15142K, committed 16000K, reserved 1048576K
}
Event: 29449.572 GC heap before
{Heap before GC invocations=500 (full 8):
 garbage-first heap   total 219136K, used 173642K [0x0000000704c00000, 0x0000000800000000)
  region size 2048K, 54 young (110592K), 0 survivors (0K)
 Metaspace       used 108160K, committed 110464K, reserved 1179648K
  class space    used 15252K, committed 16000K, reserved 1048576K
}
Event: 29449.582 GC heap after
{Heap after GC invocations=501 (full 8):
 garbage-first heap   total 219136K, used 72534K [0x0000000704c00000, 0x0000000800000000)
  region size 2048K, 5 young (10240K), 5 survivors (10240K)
 Metaspace       used 108160K, committed 110464K, reserved 1179648K
  class space    used 15252K, committed 16000K, reserved 1048576K
}
Event: 29463.907 GC heap before
{Heap before GC invocations=502 (full 8):
 garbage-first heap   total 219136K, used 172886K [0x0000000704c00000, 0x0000000800000000)
  region size 2048K, 54 young (110592K), 5 survivors (10240K)
 Metaspace       used 109617K, committed 110848K, reserved 1179648K
  class space    used 15348K, committed 16000K, reserved 1048576K
}
Event: 29463.921 GC heap after
{Heap after GC invocations=503 (full 8):
 garbage-first heap   total 219136K, used 77344K [0x0000000704c00000, 0x0000000800000000)
  region size 2048K, 4 young (8192K), 4 survivors (8192K)
 Metaspace       used 109617K, committed 110848K, reserved 1179648K
  class space    used 15348K, committed 16000K, reserved 1048576K
}
Event: 29475.020 GC heap before
{Heap before GC invocations=503 (full 8):
 garbage-first heap   total 219136K, used 89632K [0x0000000704c00000, 0x0000000800000000)
  region size 2048K, 11 young (22528K), 4 survivors (8192K)
 Metaspace       used 109668K, committed 110848K, reserved 1179648K
  class space    used 15360K, committed 16000K, reserved 1048576K
}

