# JRE version: OpenJDK Runtime Environment Temurin-17.0.14+7 (17.0.14+7) (build 17.0.14+7)
# Java VM: OpenJDK 64-Bit Server VM Temurin-17.0.14+7 (17.0.14+7, mixed mode, emulated-client, sharing, tiered, compressed oops, compressed class ptrs, g1 gc, windows-amd64)
GC Precious Log:
 CPUs: 8 total, 8 available
 Memory: 16075M
 Large Page Support: Disabled
 NUMA Support: Disabled
 Compressed Oops: Enabled (Zero based)
 Heap Region Size: 2M
 Heap Min Capacity: 8M
 Heap Initial Capacity: 252M
 Heap Max Capacity: 4020M
 Pre-touch: Disabled
 Parallel Workers: 8
 Concurrent Workers: 2
 Concurrent Refinement Workers: 8
 Periodic GC: Disabled
Heap:
 garbage-first heap   total 270336K, used 113848K [0x0000000704c00000, 0x0000000800000000)
  region size 2048K, 1 young (2048K), 1 survivors (2048K)
 Metaspace       used 66904K, committed 67456K, reserved 1114112K
  class space    used 10071K, committed 10304K, reserved 1048576K
GC Heap History (20 events):
Event: 9.595 GC heap after
{Heap after GC invocations=25 (full 0):
 garbage-first heap   total 139264K, used 40252K [0x0000000704c00000, 0x0000000800000000)
  region size 2048K, 1 young (2048K), 1 survivors (2048K)
 Metaspace       used 66900K, committed 67456K, reserved 1114112K
  class space    used 10069K, committed 10304K, reserved 1048576K
}
Event: 9.776 GC heap before
{Heap before GC invocations=25 (full 0):
 garbage-first heap   total 139264K, used 116028K [0x0000000704c00000, 0x0000000800000000)
  region size 2048K, 38 young (77824K), 1 survivors (2048K)
 Metaspace       used 66907K, committed 67456K, reserved 1114112K
  class space    used 10071K, committed 10304K, reserved 1048576K
}
Event: 9.779 GC heap after
{Heap after GC invocations=26 (full 0):
 garbage-first heap   total 139264K, used 44206K [0x0000000704c00000, 0x0000000800000000)
  region size 2048K, 3 young (6144K), 3 survivors (6144K)
 Metaspace       used 66907K, committed 67456K, reserved 1114112K
  class space    used 10071K, committed 10304K, reserved 1048576K
}
Event: 9.911 GC heap before
{Heap before GC invocations=26 (full 0):
 garbage-first heap   total 139264K, used 113838K [0x0000000704c00000, 0x0000000800000000)
  region size 2048K, 37 young (75776K), 3 survivors (6144K)
 Metaspace       used 66907K, committed 67456K, reserved 1114112K
  class space    used 10071K, committed 10304K, reserved 1048576K
}
Event: 9.927 GC heap after
{Heap after GC invocations=27 (full 0):
 garbage-first heap   total 143360K, used 67376K [0x0000000704c00000, 0x0000000800000000)
  region size 2048K, 5 young (10240K), 5 survivors (10240K)
 Metaspace       used 66907K, committed 67456K, reserved 1114112K
  class space    used 10071K, committed 10304K, reserved 1048576K
}
Event: 10.008 GC heap before
{Heap before GC invocations=27 (full 0):
 garbage-first heap   total 143360K, used 108336K [0x0000000704c00000, 0x0000000800000000)
  region size 2048K, 24 young (49152K), 5 survivors (10240K)
 Metaspace       used 66907K, committed 67456K, reserved 1114112K
  class space    used 10071K, committed 10304K, reserved 1048576K
}
Event: 10.021 GC heap after
{Heap after GC invocations=28 (full 0):
 garbage-first heap   total 143360K, used 84650K [0x0000000704c00000, 0x0000000800000000)
  region size 2048K, 3 young (6144K), 3 survivors (6144K)
 Metaspace       used 66907K, committed 67456K, reserved 1114112K
  class space    used 10071K, committed 10304K, reserved 1048576K
}
Event: 10.083 GC heap before
{Heap before GC invocations=28 (full 0):
 garbage-first heap   total 143360K, used 109226K [0x0000000704c00000, 0x0000000800000000)
  region size 2048K, 15 young (30720K), 3 survivors (6144K)
 Metaspace       used 66907K, committed 67456K, reserved 1114112K
  class space    used 10071K, committed 10304K, reserved 1048576K
}
Event: 10.093 GC heap after
{Heap after GC invocations=29 (full 0):
 garbage-first heap   total 249856K, used 94624K [0x0000000704c00000, 0x0000000800000000)
  region size 2048K, 2 young (4096K), 2 survivors (4096K)
 Metaspace       used 66907K, committed 67456K, reserved 1114112K
  class space    used 10071K, committed 10304K, reserved 1048576K
}
Event: 10.327 GC heap before
{Heap before GC invocations=30 (full 0):
 garbage-first heap   total 249856K, used 166304K [0x0000000704c00000, 0x0000000800000000)
  region size 2048K, 37 young (75776K), 2 survivors (4096K)
 Metaspace       used 66904K, committed 67456K, reserved 1114112K
  class space    used 10071K, committed 10304K, reserved 1048576K
}
Event: 10.345 GC heap after
{Heap after GC invocations=31 (full 0):
 garbage-first heap   total 249856K, used 120832K [0x0000000704c00000, 0x0000000800000000)
  region size 2048K, 5 young (10240K), 5 survivors (10240K)
 Metaspace       used 66904K, committed 67456K, reserved 1114112K
  class space    used 10071K, committed 10304K, reserved 1048576K
}
Event: 10.463 GC heap before
{Heap before GC invocations=31 (full 0):
 garbage-first heap   total 249856K, used 176128K [0x0000000704c00000, 0x0000000800000000)
  region size 2048K, 32 young (65536K), 5 survivors (10240K)
 Metaspace       used 66904K, committed 67456K, reserved 1114112K
  class space    used 10071K, committed 10304K, reserved 1048576K
}
Event: 10.482 GC heap after
{Heap after GC invocations=32 (full 0):
 garbage-first heap   total 249856K, used 142165K [0x0000000704c00000, 0x0000000800000000)
  region size 2048K, 4 young (8192K), 4 survivors (8192K)
 Metaspace       used 66904K, committed 67456K, reserved 1114112K
  class space    used 10071K, committed 10304K, reserved 1048576K
}
Event: 10.533 GC heap before
{Heap before GC invocations=32 (full 0):
 garbage-first heap   total 249856K, used 166741K [0x0000000704c00000, 0x0000000800000000)
  region size 2048K, 17 young (34816K), 4 survivors (8192K)
 Metaspace       used 66904K, committed 67456K, reserved 1114112K
  class space    used 10071K, committed 10304K, reserved 1048576K
}
Event: 10.544 GC heap after
{Heap after GC invocations=33 (full 0):
 garbage-first heap   total 249856K, used 153510K [0x0000000704c00000, 0x0000000800000000)
  region size 2048K, 3 young (6144K), 3 survivors (6144K)
 Metaspace       used 66904K, committed 67456K, reserved 1114112K
  class space    used 10071K, committed 10304K, reserved 1048576K
}
Event: 10.628 GC heap before
{Heap before GC invocations=34 (full 0):
 garbage-first heap   total 270336K, used 176038K [0x0000000704c00000, 0x0000000800000000)
  region size 2048K, 20 young (40960K), 3 survivors (6144K)
 Metaspace       used 66904K, committed 67456K, reserved 1114112K
  class space    used 10071K, committed 10304K, reserved 1048576K
}
Event: 10.638 GC heap after
{Heap after GC invocations=35 (full 0):
 garbage-first heap   total 270336K, used 154956K [0x0000000704c00000, 0x0000000800000000)
  region size 2048K, 3 young (6144K), 3 survivors (6144K)
 Metaspace       used 66904K, committed 67456K, reserved 1114112K
  class space    used 10071K, committed 10304K, reserved 1048576K
}
Event: 10.649 GC heap before
{Heap before GC invocations=35 (full 0):
 garbage-first heap   total 270336K, used 161100K [0x0000000704c00000, 0x0000000800000000)
  region size 2048K, 6 young (12288K), 3 survivors (6144K)
 Metaspace       used 66904K, committed 67456K, reserved 1114112K
  class space    used 10071K, committed 10304K, reserved 1048576K
}
Event: 10.656 GC heap after
{Heap after GC invocations=36 (full 0):
 garbage-first heap   total 270336K, used 129944K [0x0000000704c00000, 0x0000000800000000)
  region size 2048K, 1 young (2048K), 1 survivors (2048K)
 Metaspace       used 66904K, committed 67456K, reserved 1114112K
  class space    used 10071K, committed 10304K, reserved 1048576K
}
Event: 10.677 GC heap before
{Heap before GC invocations=36 (full 0):
 garbage-first heap   total 270336K, used 140184K [0x0000000704c00000, 0x0000000800000000)
  region size 2048K, 6 young (12288K), 1 survivors (2048K)
 Metaspace       used 66904K, committed 67456K, reserved 1114112K
  class space    used 10071K, committed 10304K, reserved 1048576K
}

